Added Component: Designator=U201(6PIN_WS2812)
Added Component: Designator=U202(6PIN_WS2812)
Added Component: Designator=U203(6PIN_WS2812)
Added Component: Designator=U204(6PIN_WS2812)
Added Component: Designator=U205(6PIN_WS2812)
Added Component: Designator=U206(6PIN_WS2812)
Added Component: Designator=U207(6PIN_WS2812)
Added Component: Designator=U208(6PIN_WS2812)
Added Component: Designator=U209(6PIN_WS2812)
Added Component: Designator=U210(6PIN_WS2812)
Added Component: Designator=U211(6PIN_WS2812)
Added Component: Designator=U212(6PIN_WS2812)
Added Pin To Net: NetName=DO_201 Pin=U201-1
Added Pin To Net: NetName=DI_201 Pin=U201-2
Added Pin To Net: NetName=VCC_201 Pin=U201-3
Added Pin To Net: NetName=5V Pin=U201-5
Added Pin To Net: NetName=GND Pin=U201-6
Added Pin To Net: NetName=DO_202 Pin=U202-1
Added Pin To Net: NetName=DO_201 Pin=U202-2
Added Pin To Net: NetName=VCC_202 Pin=U202-3
Added Pin To Net: NetName=5V Pin=U202-5
Added Pin To Net: NetName=GND Pin=U202-6
Added Pin To Net: NetName=DO_203 Pin=U203-1
Added Pin To Net: NetName=DO_202 Pin=U203-2
Added Pin To Net: NetName=VCC_203 Pin=U203-3
Added Pin To Net: NetName=5V Pin=U203-5
Added Pin To Net: NetName=GND Pin=U203-6
Added Pin To Net: NetName=DO_204 Pin=U204-1
Added Pin To Net: NetName=DO_203 Pin=U204-2
Added Pin To Net: NetName=VCC_204 Pin=U204-3
Added Pin To Net: NetName=5V Pin=U204-5
Added Pin To Net: NetName=GND Pin=U204-6
Added Pin To Net: NetName=DO_205 Pin=U205-1
Added Pin To Net: NetName=DO_204 Pin=U205-2
Added Pin To Net: NetName=VCC_201 Pin=U205-3
Added Pin To Net: NetName=5V Pin=U205-5
Added Pin To Net: NetName=GND Pin=U205-6
Added Pin To Net: NetName=DO_206 Pin=U206-1
Added Pin To Net: NetName=DO_205 Pin=U206-2
Added Pin To Net: NetName=VCC_202 Pin=U206-3
Added Pin To Net: NetName=5V Pin=U206-5
Added Pin To Net: NetName=GND Pin=U206-6
Added Pin To Net: NetName=DO_207 Pin=U207-1
Added Pin To Net: NetName=DO_206 Pin=U207-2
Added Pin To Net: NetName=VCC_203 Pin=U207-3
Added Pin To Net: NetName=5V Pin=U207-5
Added Pin To Net: NetName=GND Pin=U207-6
Added Pin To Net: NetName=DO_208 Pin=U208-1
Added Pin To Net: NetName=DO_207 Pin=U208-2
Added Pin To Net: NetName=VCC_204 Pin=U208-3
Added Pin To Net: NetName=5V Pin=U208-5
Added Pin To Net: NetName=GND Pin=U208-6
Added Pin To Net: NetName=DO_209 Pin=U209-1
Added Pin To Net: NetName=DO_208 Pin=U209-2
Added Pin To Net: NetName=VCC_201 Pin=U209-3
Added Pin To Net: NetName=5V Pin=U209-5
Added Pin To Net: NetName=GND Pin=U209-6
Added Pin To Net: NetName=DO_210 Pin=U210-1
Added Pin To Net: NetName=DO_209 Pin=U210-2
Added Pin To Net: NetName=VCC_202 Pin=U210-3
Added Pin To Net: NetName=5V Pin=U210-5
Added Pin To Net: NetName=GND Pin=U210-6
Added Pin To Net: NetName=DO_211 Pin=U211-1
Added Pin To Net: NetName=DO_210 Pin=U211-2
Added Pin To Net: NetName=VCC_203 Pin=U211-3
Added Pin To Net: NetName=5V Pin=U211-5
Added Pin To Net: NetName=GND Pin=U211-6
Added Pin To Net: NetName=DO_212 Pin=U212-1
Added Pin To Net: NetName=DO_211 Pin=U212-2
Added Pin To Net: NetName=VCC_204 Pin=U212-3
Added Pin To Net: NetName=5V Pin=U212-5
Added Pin To Net: NetName=GND Pin=U212-6
Added Member To Class: ClassName=Morpheus_LED2 Member=Component U201 WS2812S
Added Member To Class: ClassName=Morpheus_LED2 Member=Component U202 WS2812S
Added Member To Class: ClassName=Morpheus_LED2 Member=Component U203 WS2812S
Added Member To Class: ClassName=Morpheus_LED2 Member=Component U204 WS2812S
Added Member To Class: ClassName=Morpheus_LED2 Member=Component U205 WS2812S
Added Member To Class: ClassName=Morpheus_LED2 Member=Component U206 WS2812S
Added Member To Class: ClassName=Morpheus_LED2 Member=Component U207 WS2812S
Added Member To Class: ClassName=Morpheus_LED2 Member=Component U208 WS2812S
Added Member To Class: ClassName=Morpheus_LED2 Member=Component U209 WS2812S
Added Member To Class: ClassName=Morpheus_LED2 Member=Component U210 WS2812S
Added Member To Class: ClassName=Morpheus_LED2 Member=Component U211 WS2812S
Added Member To Class: ClassName=Morpheus_LED2 Member=Component U212 WS2812S
